<?xml version="1.0" encoding="UTF-8"?>
<robot generator="Robot 4.0 (Python 3.9.2 on linux)" generated="20210329 22:48:10.020" rpa="false" schemaversion="2">
<suite id="s1" name="Login" source="/srv/http/RobotXpert/bodytest/tests/login.robot">
<test id="s1-t1" name="Senha Incorreta">
<kw name="New Browser" library="Browser">
<arg>chromium</arg>
<arg>False</arg>
<tag>BrowserControl</tag>
<tag>Setter</tag>
<doc>Create a new playwright Browser with specified options.
See `Browser, Context and Page` for more information about Browser and related concepts.</doc>
<msg timestamp="20210329 22:48:11.200" level="INFO">{"browser": "chromium", "headless": false, "handleSIGINT": true, "handleSIGTERM": true, "handleSIGHUP": true, "timeout": 30000.0, "devtools": false, "slowMo": 0.0}</msg>
<msg timestamp="20210329 22:48:11.671" level="INFO">Successfully created browser with options: {"browser":"chromium","headless":false,"handleSIGINT":true,"handleSIGTERM":true,"handleSIGHUP":true,"timeout":30000,"devtools":false,"slowMo":0}</msg>
<status status="PASS" starttime="20210329 22:48:11.199" endtime="20210329 22:48:11.671"/>
</kw>
<kw name="New Page" library="Browser">
<arg>https://bodytest-web-cassio.herokuapp.com/</arg>
<tag>BrowserControl</tag>
<tag>Setter</tag>
<doc>Open a new Page. A Page is the Playwright equivalent to a tab.
See `Browser, Context and Page` for more information about Page concept.
Returns a stable identifier for the created page.</doc>
<msg timestamp="20210329 22:48:14.797" level="INFO">Successfully initialized new page object and opened url: https://bodytest-web-cassio.herokuapp.com/</msg>
<status status="PASS" starttime="20210329 22:48:11.672" endtime="20210329 22:48:14.797"/>
</kw>
<kw name="Fill Text" library="Browser">
<arg>id=email</arg>
<arg>admin@bodytest.com</arg>
<tag>PageContent</tag>
<tag>Setter</tag>
<doc>Clears and fills the given ``text`` into the text field found by ``selector``.</doc>
<msg timestamp="20210329 22:48:14.798" level="INFO">Fills the text 'admin@bodytest.com' in the given field.</msg>
<status status="PASS" starttime="20210329 22:48:14.797" endtime="20210329 22:48:14.898"/>
</kw>
<kw name="Fill Text" library="Browser">
<arg>id=password</arg>
<arg>123456</arg>
<tag>PageContent</tag>
<tag>Setter</tag>
<doc>Clears and fills the given ``text`` into the text field found by ``selector``.</doc>
<msg timestamp="20210329 22:48:14.899" level="INFO">Fills the text '123456' in the given field.</msg>
<status status="PASS" starttime="20210329 22:48:14.898" endtime="20210329 22:48:14.949"/>
</kw>
<kw name="Click" library="Browser">
<arg>text=Entrar</arg>
<tag>PageContent</tag>
<tag>Setter</tag>
<doc>Simulates mouse click on the element found by ``selector``.</doc>
<status status="PASS" starttime="20210329 22:48:14.949" endtime="20210329 22:48:15.094"/>
</kw>
<kw name="Wait For Elements State" library="Browser">
<arg>css=.Toastify__toast-body &gt;&gt; text=Usuário ou senha inválido</arg>
<arg>visible</arg>
<arg>5</arg>
<tag>PageContent</tag>
<tag>Wait</tag>
<doc>Waits for the element found by ``selector`` to satisfy state option.</doc>
<msg timestamp="20210329 22:48:16.263" level="INFO">Wait for Element with selector: css=.Toastify__toast-body &gt;&gt; text=Usuário ou senha inválido</msg>
<status status="PASS" starttime="20210329 22:48:15.095" endtime="20210329 22:48:16.264"/>
</kw>
<kw name="Take Screenshot" library="Browser">
<tag>PageContent</tag>
<doc>Takes a screenshot of the current window and saves it to ``path``. Saves it as a png.</doc>
<msg timestamp="20210329 22:48:16.471" level="INFO" html="true">&lt;/td&gt;&lt;/tr&gt;&lt;tr&gt;&lt;td colspan="3"&gt;&lt;a href="browser/screenshot/robotframework-browser-screenshot-1.png"&gt;&lt;img src="browser/screenshot/robotframework-browser-screenshot-1.png" width="800px"&gt;&lt;/a&gt;</msg>
<status status="PASS" starttime="20210329 22:48:16.264" endtime="20210329 22:48:16.471"/>
</kw>
<tag>si</tag>
<status status="PASS" starttime="20210329 22:48:11.195" endtime="20210329 22:48:16.472"/>
</test>
<doc>Suite de testes de Login do Adinistrador</doc>
<status status="PASS" starttime="20210329 22:48:10.022" endtime="20210329 22:48:16.606"/>
</suite>
<statistics>
<total>
<stat pass="1" fail="0" skip="0">All Tests</stat>
</total>
<tag>
<stat pass="1" fail="0" skip="0">si</stat>
</tag>
<suite>
<stat pass="1" fail="0" skip="0" id="s1" name="Login">Login</stat>
</suite>
</statistics>
<errors>
</errors>
</robot>
