<?xml version="1.0" encoding="UTF-8"?>
<robot generator="Robot 4.0 (Python 3.9.2 on linux)" generated="20210317 00:43:26.517" rpa="false" schemaversion="2">
<suite id="s1" name="Conta" source="/srv/http/RobotXpert/start/conta.robot">
<test id="s1-t1" name="Quando abro uma nova conta deve retornar saldo zerado">
<kw name="Abrir Conta" library="ContaLibrary">
<status status="PASS" starttime="20210317 00:43:26.622" endtime="20210317 00:43:26.623"/>
</kw>
<kw name="Obter Saldo" library="ContaLibrary">
<var>${saldo_final}</var>
<msg timestamp="20210317 00:43:26.624" level="INFO">${saldo_final} = 0.0</msg>
<status status="PASS" starttime="20210317 00:43:26.623" endtime="20210317 00:43:26.624"/>
</kw>
<kw name="Log" library="BuiltIn">
<arg>${saldo_final}</arg>
<doc>Logs the given message with the given level.</doc>
<msg timestamp="20210317 00:43:26.626" level="INFO">0.0</msg>
<status status="PASS" starttime="20210317 00:43:26.625" endtime="20210317 00:43:26.627"/>
</kw>
<kw name="Convert To Number" library="BuiltIn">
<var>${saldo_esperado}</var>
<arg>0.0</arg>
<doc>Converts the given item to a floating point number.</doc>
<msg timestamp="20210317 00:43:26.628" level="INFO">${saldo_esperado} = 0.0</msg>
<status status="PASS" starttime="20210317 00:43:26.627" endtime="20210317 00:43:26.628"/>
</kw>
<kw name="Should Be Equal" library="BuiltIn">
<arg>${saldo_final}</arg>
<arg>${saldo_esperado}</arg>
<doc>Fails if the given objects are unequal.</doc>
<status status="PASS" starttime="20210317 00:43:26.629" endtime="20210317 00:43:26.630"/>
</kw>
<status status="PASS" starttime="20210317 00:43:26.620" endtime="20210317 00:43:26.631"/>
</test>
<doc>Suite para testar a classe ContaLibrary</doc>
<status status="PASS" starttime="20210317 00:43:26.521" endtime="20210317 00:43:26.633"/>
</suite>
<statistics>
<total>
<stat pass="1" fail="0" skip="0">All Tests</stat>
</total>
<tag>
</tag>
<suite>
<stat pass="1" fail="0" skip="0" id="s1" name="Conta">Conta</stat>
</suite>
</statistics>
<errors>
</errors>
</robot>
